<?xml version="1.0" encoding="UTF-8"?>
<!-- Generated by org.testng.reporters.JUnitReportReporter -->
<testsuite hostname="94N0PT2" failures="0" tests="1" name="com.tests.ShoppingCart" time="132.685" errors="0" timestamp="2021-08-19T13:17:33 IST" skipped="0">
  <testcase classname="com.tests.ShoppingCart" name="ShoppingCartCheckTabs" time="132.685"/>
  <system-out/>
</testsuite> <!-- com.tests.ShoppingCart -->
