<?xml version="1.0" encoding="UTF-8"?>
<!-- Generated by org.testng.reporters.JUnitReportReporter -->
<testsuite hostname="94N0PT2" failures="0" tests="1" name="com.tests.ShoppingCart" time="134.303" errors="0" timestamp="20 Aug 2021 04:53:56 GMT" skipped="0">
  <testcase classname="com.tests.ShoppingCart" name="ShoppingCartCheckTabs" time="134.303"/>
</testsuite> <!-- com.tests.ShoppingCart -->
